0 info it worked if it ends with ok
1 verbose cli [ 'node', '/usr/local/bin/npm', 'install' ]
2 info using npm@1.4.28
3 info using node@v0.10.32
4 warn package.json coverage-reporter@0.0.1 No description
5 warn package.json coverage-reporter@0.0.1 No repository field.
6 warn package.json coverage-reporter@0.0.1 No README data
7 verbose readDependencies using package.json deps
8 verbose install where, deps [ '/Users/tsullivan/projects/HACKSGIVING/research-console/build/coverage_reporter',
8 verbose install   [ 'cheerio' ] ]
9 info preinstall coverage-reporter@0.0.1
10 verbose readDependencies using package.json deps
11 verbose cache add [ 'cheerio@$', null ]
12 verbose cache add name=undefined spec="cheerio@$" args=["cheerio@$",null]
13 verbose parsed url { protocol: null,
13 verbose parsed url   slashes: null,
13 verbose parsed url   auth: null,
13 verbose parsed url   host: null,
13 verbose parsed url   port: null,
13 verbose parsed url   hostname: null,
13 verbose parsed url   hash: null,
13 verbose parsed url   search: null,
13 verbose parsed url   query: null,
13 verbose parsed url   pathname: 'cheerio@$',
13 verbose parsed url   path: 'cheerio@$',
13 verbose parsed url   href: 'cheerio@$' }
14 verbose cache add name="cheerio" spec="$" args=["cheerio","$"]
15 verbose parsed url { protocol: null,
15 verbose parsed url   slashes: null,
15 verbose parsed url   auth: null,
15 verbose parsed url   host: null,
15 verbose parsed url   port: null,
15 verbose parsed url   hostname: null,
15 verbose parsed url   hash: null,
15 verbose parsed url   search: null,
15 verbose parsed url   query: null,
15 verbose parsed url   pathname: '$',
15 verbose parsed url   path: '$',
15 verbose parsed url   href: '$' }
16 verbose addNamed [ 'cheerio', '$' ]
17 verbose addNamed [ null, null ]
18 silly lockFile 94ece98d-cheerio cheerio@$
19 verbose lock cheerio@$ /Users/tsullivan/.npm/94ece98d-cheerio.lock
20 info addNameTag [ 'cheerio', '$' ]
21 verbose request where is /cheerio
22 verbose request registry https://registry.npmjs.org/
23 verbose request id 8830aa050073b432
24 verbose url raw /cheerio
25 verbose url resolving [ 'https://registry.npmjs.org/', './cheerio' ]
26 verbose url resolved https://registry.npmjs.org/cheerio
27 verbose request where is https://registry.npmjs.org/cheerio
28 info trying registry request attempt 1 at 11:52:13
29 http GET https://registry.npmjs.org/cheerio
30 http 200 https://registry.npmjs.org/cheerio
31 silly registry.get cb [ 200,
31 silly registry.get   { date: 'Mon, 24 Nov 2014 19:52:13 GMT',
31 silly registry.get     server: 'CouchDB/1.5.0 (Erlang OTP/R16B03)',
31 silly registry.get     etag: '"2USPHF8MTXQ4DUIH3UM0V3Z22"',
31 silly registry.get     'content-type': 'application/json',
31 silly registry.get     'cache-control': 'max-age=60',
31 silly registry.get     'content-length': '89696',
31 silly registry.get     'accept-ranges': 'bytes',
31 silly registry.get     via: '1.1 varnish',
31 silly registry.get     age: '14',
31 silly registry.get     'x-served-by': 'cache-sjc3124-SJC',
31 silly registry.get     'x-cache': 'HIT',
31 silly registry.get     'x-cache-hits': '1',
31 silly registry.get     'x-timer': 'S1416858733.642759,VS0,VE0',
31 silly registry.get     vary: 'Accept',
31 silly registry.get     'keep-alive': 'timeout=10, max=50',
31 silly registry.get     connection: 'Keep-Alive' } ]
32 silly lockFile 94ece98d-cheerio cheerio@$
33 silly lockFile 94ece98d-cheerio cheerio@$
34 error notarget No compatible version found: cheerio@'$'
34 error notarget Valid install targets:
34 error notarget ["0.0.1","0.0.2","0.0.3","0.0.4","0.1.1","0.1.2","0.1.3","0.1.4","0.1.5","0.2.0","0.2.1","0.2.2","0.3.0","0.3.1","0.3.2","0.4.0","0.4.1","0.4.2","0.5.0","0.5.1","0.5.2","0.6.0","0.6.1","0.6.2","0.7.0","0.8.0","0.8.1","0.8.2","0.8.3","0.9.0","0.9.1","0.9.2","0.10.0","0.10.1","0.10.2","0.10.3","0.10.4","0.10.5","0.10.6","0.10.7","0.10.8","0.11.0","0.12.0","0.12.1","0.12.2","0.12.3","0.12.4","0.13.0","0.13.1","0.14.0","0.15.0","0.16.0","0.17.0","0.18.0"]
34 error notarget
34 error notarget This is most likely not a problem with npm itself.
34 error notarget In most cases you or one of your dependencies are requesting
34 error notarget a package version that doesn't exist.
35 error System Darwin 13.4.0
36 error command "node" "/usr/local/bin/npm" "install"
37 error cwd /Users/tsullivan/projects/HACKSGIVING/research-console/build/coverage_reporter
38 error node -v v0.10.32
39 error npm -v 1.4.28
40 error code ETARGET
41 verbose exit [ 1, true ]
